Using pre-set license
Built from '2022.3/staging' branch; Version is '2022.3.34f1 (4886f5360533) revision 4753141'; Using compiler version '192829333'; Build Type 'Release'
OS: 'Windows 11  (10.0.22631) 64bit Education' Language: 'en' Physical Memory: 32694 MB
BatchMode: 1, IsHumanControllingUs: 0, StartBugReporterOnCrash: 0, Is64bit: 1, IsPro: 1

COMMAND LINE ARGUMENTS:
C:\Program Files\Unity\Hub\Editor\2022.3.34f1-x86_64\Editor\Unity.exe
-adb2
-batchMode
-noUpm
-name
AssetImportWorker2
-projectPath
C:/Users/jacob/Downloads/Bomber Belts 2015
-logFile
Logs/AssetImportWorker2.log
-srvPort
59965
Successfully changed project path to: C:/Users/jacob/Downloads/Bomber Belts 2015
C:/Users/jacob/Downloads/Bomber Belts 2015
[UnityMemory] Configuration Parameters - Can be set up in boot.config
    "memorysetup-bucket-allocator-granularity=16"
    "memorysetup-bucket-allocator-bucket-count=8"
    "memorysetup-bucket-allocator-block-size=33554432"
    "memorysetup-bucket-allocator-block-count=8"
    "memorysetup-main-allocator-block-size=16777216"
    "memorysetup-thread-allocator-block-size=16777216"
    "memorysetup-gfx-main-allocator-block-size=16777216"
    "memorysetup-gfx-thread-allocator-block-size=16777216"
    "memorysetup-cache-allocator-block-size=4194304"
    "memorysetup-typetree-allocator-block-size=2097152"
    "memorysetup-profiler-bucket-allocator-granularity=16"
    "memorysetup-profiler-bucket-allocator-bucket-count=8"
    "memorysetup-profiler-bucket-allocator-block-size=33554432"
    "memorysetup-profiler-bucket-allocator-block-count=8"
    "memorysetup-profiler-allocator-block-size=16777216"
    "memorysetup-profiler-editor-allocator-block-size=1048576"
    "memorysetup-temp-allocator-size-main=16777216"
    "memorysetup-job-temp-allocator-block-size=2097152"
    "memorysetup-job-temp-allocator-block-size-background=1048576"
    "memorysetup-job-temp-allocator-reduction-small-platforms=262144"
    "memorysetup-allocator-temp-initial-block-size-main=262144"
    "memorysetup-allocator-temp-initial-block-size-worker=262144"
    "memorysetup-temp-allocator-size-background-worker=32768"
    "memorysetup-temp-allocator-size-job-worker=262144"
    "memorysetup-temp-allocator-size-preload-manager=33554432"
    "memorysetup-temp-allocator-size-nav-mesh-worker=65536"
    "memorysetup-temp-allocator-size-audio-worker=65536"
    "memorysetup-temp-allocator-size-cloud-worker=32768"
    "memorysetup-temp-allocator-size-gi-baking-worker=262144"
    "memorysetup-temp-allocator-size-gfx=262144"
Player connection [10580] Host "[IP] 192.168.56.1 [Port] 0 [Flags] 2 [Guid] 3876099716 [EditorId] 3876099716 [Version] 1048832 [Id] WindowsEditor(7,JacobsPC) [Debug] 1 [PackageName] WindowsEditor [ProjectName] Editor" joined multi-casting on [225.0.0.222:54997]...

Player connection [10580] Host "[IP] 192.168.56.1 [Port] 0 [Flags] 2 [Guid] 3876099716 [EditorId] 3876099716 [Version] 1048832 [Id] WindowsEditor(7,JacobsPC) [Debug] 1 [PackageName] WindowsEditor [ProjectName] Editor" joined alternative multi-casting on [225.0.0.222:34997]...

[PhysX] Initialized MultithreadedTaskDispatcher with 16 workers.
Refreshing native plugins compatible for Editor in 0.00 ms, found 0 plugins.
Preloading 0 native plugins for Editor in 0.00 ms.
Initialize engine version: 2022.3.34f1 (4886f5360533)
[Subsystems] Discovering subsystems at path C:/Program Files/Unity/Hub/Editor/2022.3.34f1-x86_64/Editor/Data/Resources/UnitySubsystems
[Subsystems] Discovering subsystems at path C:/Users/jacob/Downloads/Bomber Belts 2015/Assets
GfxDevice: creating device client; threaded=0; jobified=0
Direct3D:
    Version:  Direct3D 11.0 [level 11.1]
    Renderer: NVIDIA GeForce RTX 3080 (ID=0x2216)
    Vendor:   NVIDIA
    VRAM:     10053 MB
    Driver:   32.0.15.5599
Initialize mono
Mono path[0] = 'C:/Program Files/Unity/Hub/Editor/2022.3.34f1-x86_64/Editor/Data/Managed'
Mono path[1] = 'C:/Program Files/Unity/Hub/Editor/2022.3.34f1-x86_64/Editor/Data/MonoBleedingEdge/lib/mono/unityjit-win32'
Mono config path = 'C:/Program Files/Unity/Hub/Editor/2022.3.34f1-x86_64/Editor/Data/MonoBleedingEdge/etc'
Using monoOptions --debugger-agent=transport=dt_socket,embedding=1,server=y,suspend=n,address=127.0.0.1:56068
Begin MonoManager ReloadAssembly
Registering precompiled unity dll's ...
Register platform support module: C:/Program Files/Unity/Hub/Editor/2022.3.34f1-x86_64/Editor/Data/PlaybackEngines/WindowsStandaloneSupport/UnityEditor.WindowsStandalone.Extensions.dll
Registered in 0.006935 seconds.
- Loaded All Assemblies, in  0.348 seconds
Native extension for WindowsStandalone target not found
Mono: successfully reloaded assembly
- Finished resetting the current domain, in  0.211 seconds
Domain Reload Profiling: 558ms
	BeginReloadAssembly (133ms)
		ExecutionOrderSort (0ms)
		DisableScriptedObjects (0ms)
		BackupInstance (0ms)
		ReleaseScriptingObjects (0ms)
		CreateAndSetChildDomain (1ms)
	RebuildCommonClasses (32ms)
	RebuildNativeTypeToScriptingClass (8ms)
	initialDomainReloadingComplete (50ms)
	LoadAllAssembliesAndSetupDomain (122ms)
		LoadAssemblies (131ms)
		RebuildTransferFunctionScriptingTraits (0ms)
		AnalyzeDomain (120ms)
			TypeCache.Refresh (119ms)
				TypeCache.ScanAssembly (110ms)
			ScanForSourceGeneratedMonoScriptInfo (0ms)
			ResolveRequiredComponents (0ms)
	FinalizeReload (212ms)
		ReleaseScriptCaches (0ms)
		RebuildScriptCaches (0ms)
		SetupLoadedEditorAssemblies (167ms)
			LogAssemblyErrors (0ms)
			InitializePlatformSupportModulesInManaged (8ms)
			SetLoadedEditorAssemblies (5ms)
			RefreshPlugins (0ms)
			BeforeProcessingInitializeOnLoad (2ms)
			ProcessInitializeOnLoadAttributes (118ms)
			ProcessInitializeOnLoadMethodAttributes (35ms)
			AfterProcessingInitializeOnLoad (0ms)
			EditorAssembliesLoaded (0ms)
		ExecutionOrderSort2 (0ms)
		AwakeInstancesAfterBackupRestoration (0ms)
========================================================================
Worker process is ready to serve import requests
Begin MonoManager ReloadAssembly
- Loaded All Assemblies, in  0.174 seconds
Refreshing native plugins compatible for Editor in 0.00 ms, found 0 plugins.
Native extension for WindowsStandalone target not found
Mono: successfully reloaded assembly
- Finished resetting the current domain, in  0.252 seconds
Domain Reload Profiling: 425ms
	BeginReloadAssembly (109ms)
		ExecutionOrderSort (0ms)
		DisableScriptedObjects (5ms)
		BackupInstance (0ms)
		ReleaseScriptingObjects (0ms)
		CreateAndSetChildDomain (17ms)
	RebuildCommonClasses (26ms)
	RebuildNativeTypeToScriptingClass (12ms)
	initialDomainReloadingComplete (19ms)
	LoadAllAssembliesAndSetupDomain (6ms)
		LoadAssemblies (64ms)
		RebuildTransferFunctionScriptingTraits (0ms)
		AnalyzeDomain (4ms)
			TypeCache.Refresh (3ms)
				TypeCache.ScanAssembly (0ms)
			ScanForSourceGeneratedMonoScriptInfo (1ms)
			ResolveRequiredComponents (0ms)
	FinalizeReload (253ms)
		ReleaseScriptCaches (0ms)
		RebuildScriptCaches (0ms)
		SetupLoadedEditorAssemblies (156ms)
			LogAssemblyErrors (0ms)
			InitializePlatformSupportModulesInManaged (5ms)
			SetLoadedEditorAssemblies (4ms)
			RefreshPlugins (0ms)
			BeforeProcessingInitializeOnLoad (22ms)
			ProcessInitializeOnLoadAttributes (103ms)
			ProcessInitializeOnLoadMethodAttributes (14ms)
			AfterProcessingInitializeOnLoad (7ms)
			EditorAssembliesLoaded (0ms)
		ExecutionOrderSort2 (0ms)
		AwakeInstancesAfterBackupRestoration (5ms)
Launched and connected shader compiler UnityShaderCompiler.exe after 0.04 seconds
Refreshing native plugins compatible for Editor in 0.00 ms, found 0 plugins.
Preloading 0 native plugins for Editor in 0.00 ms.
Unloading 24 Unused Serialized files (Serialized files now loaded: 0)
Unloading 3 unused Assets / (49.4 KB). Loaded Objects now: 507.
Memory consumption went from 52.6 MB to 52.5 MB.
Total: 2.148500 ms (FindLiveObjects: 0.041500 ms CreateObjectMapping: 0.003800 ms MarkObjects: 2.030700 ms  DeleteObjects: 0.071700 ms)

AssetImportParameters requested are different than current active one (requested -> active):
  custom:container-muxer-webm: aa71ff27fc2769a1b78a27578f13a17b -> 
  custom:video-encoder-webm-vp8: eb34c28f22e8b96e1ab97ce403110664 -> 
  custom:video-codec-MediaFoundation-h265: 746d11721c4dcdbdad8f713fa42b33f4 -> 
  custom:audio-encoder-webm-vorbis: bf7c407c2cedff20999df2af8eb42d56 -> 
  custom:container-demuxer-ogg: 62fdf1f143b41e24485cea50d1cbac27 -> 
  custom:video-decoder-webm-vp8: 9c59270c3fd7afecdb556c50c9e8de78 -> 
  custom:audio-decoder-ogg-vorbis: bf7c407c2cedff20999df2af8eb42d56 -> 
  custom:AudioImporter_EditorPlatform: d09bf68614088b80899f8185d706f6e7 -> 
  custom:video-decoder-ogg-theora: a1e56fd34408186e4bbccfd4996cb3dc -> 
  custom:container-demuxer-webm: 4f35f7cbe854078d1ac9338744f61a02 -> 
  custom:CustomObjectIndexerAttribute: 9a22284fe3817be447336de3de66b15e -> 
  custom:framework-win-MediaFoundation: 216162199b28c13a410421893ffa2e32 -> 
  custom:SearchIndexIgnoredProperties: e643bd26f0fe6173181afceb89e7c659 -> 
========================================================================
Received Import Request.
  Time since last request: 402667.323429 seconds.
  path: Assets/Resources/Materials/Space_Red_Nebula.mat
  artifactKey: Guid(fecb92f5df91b334283698f47598f034) Importer(2089858483,0ecaa5967403d082aa24f35e1b516d23)
Start importing Assets/Resources/Materials/Space_Red_Nebula.mat using Guid(fecb92f5df91b334283698f47598f034) Importer(2089858483,0ecaa5967403d082aa24f35e1b516d23) [PhysX] Initialized MultithreadedTaskDispatcher with 16 workers.
 -> (artifact id: 'a20142ba9bdedd53a0a343676a52a046') in 0.120472 seconds
Number of updated asset objects reloaded before import = 0
Number of asset objects unloaded after import = 7
========================================================================
Received Import Request.
  Time since last request: 0.000015 seconds.
  path: Assets/Prototyping/Models/prototype_floor.fbx
  artifactKey: Guid(49d225a8083c6bf409cb0d5d1f856b2b) Importer(2089858483,0ecaa5967403d082aa24f35e1b516d23)
Start importing Assets/Prototyping/Models/prototype_floor.fbx using Guid(49d225a8083c6bf409cb0d5d1f856b2b) Importer(2089858483,0ecaa5967403d082aa24f35e1b516d23) [PhysX] Initialized MultithreadedTaskDispatcher with 16 workers.
 -> (artifact id: 'fa10b5463dfb7d9a844bee1ab95f1362') in 0.039338 seconds
Number of updated asset objects reloaded before import = 0
Number of asset objects unloaded after import = 7
========================================================================
Received Import Request.
  Time since last request: 0.000013 seconds.
  path: Assets/Prototyping/Materials/prototype_blue_grid.mat
  artifactKey: Guid(eae9c11350249284e8400a100179e0b2) Importer(2089858483,0ecaa5967403d082aa24f35e1b516d23)
Start importing Assets/Prototyping/Materials/prototype_blue_grid.mat using Guid(eae9c11350249284e8400a100179e0b2) Importer(2089858483,0ecaa5967403d082aa24f35e1b516d23) [PhysX] Initialized MultithreadedTaskDispatcher with 16 workers.
 -> (artifact id: 'b87defdfc4e4842ca67666c8ff5c9529') in 0.017569 seconds
Number of updated asset objects reloaded before import = 0
Number of asset objects unloaded after import = 2
========================================================================
Received Import Request.
  Time since last request: 0.000013 seconds.
  path: Assets/Resources/Game Scripts/ButtonScript.cs
  artifactKey: Guid(1a10f356c18cf9e4fb60d467983e2bc7) Importer(2089858483,0ecaa5967403d082aa24f35e1b516d23)
Start importing Assets/Resources/Game Scripts/ButtonScript.cs using Guid(1a10f356c18cf9e4fb60d467983e2bc7) Importer(2089858483,0ecaa5967403d082aa24f35e1b516d23) [PhysX] Initialized MultithreadedTaskDispatcher with 16 workers.
 -> (artifact id: 'c6a5ec0a7056a170b586bf0c33f1d77d') in 0.006996 seconds
Number of updated asset objects reloaded before import = 0
Number of asset objects unloaded after import = 1
========================================================================
Received Import Request.
  Time since last request: 0.000033 seconds.
  path: Assets/Prototyping/Materials/prototype_blue_smooth.mat
  artifactKey: Guid(13ff452dc904e3f4d9411334d3c6a43d) Importer(2089858483,0ecaa5967403d082aa24f35e1b516d23)
Start importing Assets/Prototyping/Materials/prototype_blue_smooth.mat using Guid(13ff452dc904e3f4d9411334d3c6a43d) Importer(2089858483,0ecaa5967403d082aa24f35e1b516d23) [PhysX] Initialized MultithreadedTaskDispatcher with 16 workers.
 -> (artifact id: '4566aaedd390a997a040b48bb5d32d81') in 0.010466 seconds
Number of updated asset objects reloaded before import = 0
Number of asset objects unloaded after import = 1
========================================================================
Received Import Request.
  Time since last request: 0.000014 seconds.
  path: Assets/Prototyping/Models/prototype_environment.fbx
  artifactKey: Guid(9cc366ade6ffe61408b0dbe1d29c5fdd) Importer(2089858483,0ecaa5967403d082aa24f35e1b516d23)
Start importing Assets/Prototyping/Models/prototype_environment.fbx using Guid(9cc366ade6ffe61408b0dbe1d29c5fdd) Importer(2089858483,0ecaa5967403d082aa24f35e1b516d23) [PhysX] Initialized MultithreadedTaskDispatcher with 16 workers.
 -> (artifact id: 'b40e270b8bc94c061190b4dbc5de6759') in 0.039807 seconds
Number of updated asset objects reloaded before import = 0
Number of asset objects unloaded after import = 124
========================================================================
Received Import Request.
  Time since last request: 0.000014 seconds.
  path: Assets/Prototyping/Models/prototype_steps_4x2x2.FBX
  artifactKey: Guid(900e53dd850c9cc4281be6fa21bdfea5) Importer(2089858483,0ecaa5967403d082aa24f35e1b516d23)
Start importing Assets/Prototyping/Models/prototype_steps_4x2x2.FBX using Guid(900e53dd850c9cc4281be6fa21bdfea5) Importer(2089858483,0ecaa5967403d082aa24f35e1b516d23) [PhysX] Initialized MultithreadedTaskDispatcher with 16 workers.
 -> (artifact id: '30d39739965b88d0c9db75318061a5e0') in 0.014838 seconds
Number of updated asset objects reloaded before import = 0
Number of asset objects unloaded after import = 7
========================================================================
Received Import Request.
  Time since last request: 0.000019 seconds.
  path: Assets/Prototyping/Prefabs/Cube 8x8x8.prefab
  artifactKey: Guid(90d8e09703679534295bd2cacb73d6de) Importer(2089858483,0ecaa5967403d082aa24f35e1b516d23)
Start importing Assets/Prototyping/Prefabs/Cube 8x8x8.prefab using Guid(90d8e09703679534295bd2cacb73d6de) Importer(2089858483,0ecaa5967403d082aa24f35e1b516d23) [PhysX] Initialized MultithreadedTaskDispatcher with 16 workers.
 -> (artifact id: '6ae38b10a837850ab01288ed2becfff8') in 0.015018 seconds
Number of updated asset objects reloaded before import = 0
Number of asset objects unloaded after import = 7
========================================================================
Received Import Request.
  Time since last request: 0.000011 seconds.
  path: Assets/Prototyping/Materials/prototype_grey_grid.mat
  artifactKey: Guid(fc9219e0938ae504d8ed6fc2009838da) Importer(2089858483,0ecaa5967403d082aa24f35e1b516d23)
Start importing Assets/Prototyping/Materials/prototype_grey_grid.mat using Guid(fc9219e0938ae504d8ed6fc2009838da) Importer(2089858483,0ecaa5967403d082aa24f35e1b516d23) [PhysX] Initialized MultithreadedTaskDispatcher with 16 workers.
 -> (artifact id: '24c7590e344f1e6de0a6285685f6977b') in 0.006998 seconds
Number of updated asset objects reloaded before import = 0
Number of asset objects unloaded after import = 2
========================================================================
Received Import Request.
  Time since last request: 0.000013 seconds.
  path: Assets/Prototyping/Prefabs/Pillar 2x8x2.prefab
  artifactKey: Guid(44884af1ac1d64d42902da40268ba120) Importer(2089858483,0ecaa5967403d082aa24f35e1b516d23)
Start importing Assets/Prototyping/Prefabs/Pillar 2x8x2.prefab using Guid(44884af1ac1d64d42902da40268ba120) Importer(2089858483,0ecaa5967403d082aa24f35e1b516d23) [PhysX] Initialized MultithreadedTaskDispatcher with 16 workers.
 -> (artifact id: '8307a86620e4a6eb88963bfc17582f3d') in 0.015047 seconds
Number of updated asset objects reloaded before import = 0
Number of asset objects unloaded after import = 7
========================================================================
Received Import Request.
  Time since last request: 0.000014 seconds.
  path: Assets/Resources/Game Scripts/BeltScript.cs
  artifactKey: Guid(5ddc803b18371ed47821b1d11d340d0b) Importer(2089858483,0ecaa5967403d082aa24f35e1b516d23)
Start importing Assets/Resources/Game Scripts/BeltScript.cs using Guid(5ddc803b18371ed47821b1d11d340d0b) Importer(2089858483,0ecaa5967403d082aa24f35e1b516d23) [PhysX] Initialized MultithreadedTaskDispatcher with 16 workers.
 -> (artifact id: '2155a85b642a6b6c7dad61c8e6c4d29c') in 0.006251 seconds
Number of updated asset objects reloaded before import = 0
Number of asset objects unloaded after import = 1
========================================================================
Received Import Request.
  Time since last request: 0.000018 seconds.
  path: Assets/Prototyping/Textures/prototype_checker_dff.png
  artifactKey: Guid(0e29ce164dec4cc49a45a79b75778d84) Importer(2089858483,0ecaa5967403d082aa24f35e1b516d23)
Start importing Assets/Prototyping/Textures/prototype_checker_dff.png using Guid(0e29ce164dec4cc49a45a79b75778d84) Importer(2089858483,0ecaa5967403d082aa24f35e1b516d23) [PhysX] Initialized MultithreadedTaskDispatcher with 16 workers.
 -> (artifact id: '336b1bb73883ade060586c683b1895a0') in 0.040392 seconds
Number of updated asset objects reloaded before import = 0
Number of asset objects unloaded after import = 1
========================================================================
Received Import Request.
  Time since last request: 0.000012 seconds.
  path: Assets/Prototyping/Prefabs/Floor 64x1x64.prefab
  artifactKey: Guid(3681543e5b0f59742b73073cb379cdc6) Importer(2089858483,0ecaa5967403d082aa24f35e1b516d23)
Start importing Assets/Prototyping/Prefabs/Floor 64x1x64.prefab using Guid(3681543e5b0f59742b73073cb379cdc6) Importer(2089858483,0ecaa5967403d082aa24f35e1b516d23) [PhysX] Initialized MultithreadedTaskDispatcher with 16 workers.
 -> (artifact id: 'ff172f36cd18ec3bf9bafe87a291e8f2') in 0.011369 seconds
Number of updated asset objects reloaded before import = 0
Number of asset objects unloaded after import = 7
========================================================================
Received Import Request.
  Time since last request: 0.000012 seconds.
  path: Assets/Resources/Materials/Health.mat
  artifactKey: Guid(920b1ddb1f427a64996ce74c0dec2df7) Importer(2089858483,0ecaa5967403d082aa24f35e1b516d23)
Start importing Assets/Resources/Materials/Health.mat using Guid(920b1ddb1f427a64996ce74c0dec2df7) Importer(2089858483,0ecaa5967403d082aa24f35e1b516d23) [PhysX] Initialized MultithreadedTaskDispatcher with 16 workers.
 -> (artifact id: 'ec93a5b0e5ee77c22e18903dbfe04cc2') in 0.007289 seconds
Number of updated asset objects reloaded before import = 0
Number of asset objects unloaded after import = 2
========================================================================
Received Import Request.
  Time since last request: 0.000011 seconds.
  path: Assets/Resources/Menu.guiskin
  artifactKey: Guid(eee1aac921ca9a64f91572bd13742054) Importer(2089858483,0ecaa5967403d082aa24f35e1b516d23)
Start importing Assets/Resources/Menu.guiskin using Guid(eee1aac921ca9a64f91572bd13742054) Importer(2089858483,0ecaa5967403d082aa24f35e1b516d23) [PhysX] Initialized MultithreadedTaskDispatcher with 16 workers.
 -> (artifact id: 'fc22b5e396144913f979e87b74a97045') in 0.047312 seconds
Number of updated asset objects reloaded before import = 0
Number of asset objects unloaded after import = 3
========================================================================
Received Import Request.
  Time since last request: 0.000019 seconds.
  path: Assets/Prototyping/Models/prototype_ring.fbx
  artifactKey: Guid(ccb151eac4280a94c95575e12e56865a) Importer(2089858483,0ecaa5967403d082aa24f35e1b516d23)
Start importing Assets/Prototyping/Models/prototype_ring.fbx using Guid(ccb151eac4280a94c95575e12e56865a) Importer(2089858483,0ecaa5967403d082aa24f35e1b516d23) [PhysX] Initialized MultithreadedTaskDispatcher with 16 workers.
 -> (artifact id: '33a36bd1e47b00a614bd5f5c2bac7a6c') in 0.011840 seconds
Number of updated asset objects reloaded before import = 0
Number of asset objects unloaded after import = 7
========================================================================
Received Import Request.
  Time since last request: 0.000011 seconds.
  path: Assets/Prototyping/Prefabs/Join Outer 2x6x2.prefab
  artifactKey: Guid(b321aed21e0872743a175d8dbbe12ac8) Importer(2089858483,0ecaa5967403d082aa24f35e1b516d23)
Start importing Assets/Prototyping/Prefabs/Join Outer 2x6x2.prefab using Guid(b321aed21e0872743a175d8dbbe12ac8) Importer(2089858483,0ecaa5967403d082aa24f35e1b516d23) [PhysX] Initialized MultithreadedTaskDispatcher with 16 workers.
 -> (artifact id: 'dd2968b342cb5ab2e0dc75de580dca6f') in 0.012269 seconds
Number of updated asset objects reloaded before import = 0
Number of asset objects unloaded after import = 7
========================================================================
Received Import Request.
  Time since last request: 0.000012 seconds.
  path: Assets/Prototyping/Materials/prototype_checker.mat
  artifactKey: Guid(d8aa562d94427b94ebfc2fce36f347ce) Importer(2089858483,0ecaa5967403d082aa24f35e1b516d23)
Start importing Assets/Prototyping/Materials/prototype_checker.mat using Guid(d8aa562d94427b94ebfc2fce36f347ce) Importer(2089858483,0ecaa5967403d082aa24f35e1b516d23) [PhysX] Initialized MultithreadedTaskDispatcher with 16 workers.
 -> (artifact id: 'a6b325ea987347780cf5e62d8f3bb010') in 0.011740 seconds
Number of updated asset objects reloaded before import = 0
Number of asset objects unloaded after import = 2
========================================================================
Received Import Request.
  Time since last request: 0.000011 seconds.
  path: Assets/Resources/Prefabs/Button_Red.prefab
  artifactKey: Guid(2e30b8bc1fcfdb24aa450d2845d01960) Importer(2089858483,0ecaa5967403d082aa24f35e1b516d23)
Start importing Assets/Resources/Prefabs/Button_Red.prefab using Guid(2e30b8bc1fcfdb24aa450d2845d01960) Importer(2089858483,0ecaa5967403d082aa24f35e1b516d23) [PhysX] Initialized MultithreadedTaskDispatcher with 16 workers.
 -> (artifact id: '2872ad19b773be8d8cb26e944df33542') in 0.013649 seconds
Number of updated asset objects reloaded before import = 0
Number of asset objects unloaded after import = 21
========================================================================
Received Import Request.
  Time since last request: 0.000013 seconds.
  path: Assets/Resources/Game Scripts/AutoDestructParticleSystem.cs
  artifactKey: Guid(a4bf1b9faf6743d4daaf592a18e01e3e) Importer(2089858483,0ecaa5967403d082aa24f35e1b516d23)
Start importing Assets/Resources/Game Scripts/AutoDestructParticleSystem.cs using Guid(a4bf1b9faf6743d4daaf592a18e01e3e) Importer(2089858483,0ecaa5967403d082aa24f35e1b516d23) [PhysX] Initialized MultithreadedTaskDispatcher with 16 workers.
 -> (artifact id: '94e35aee2ae09908b22303f0d4bf56ad') in 0.007451 seconds
Number of updated asset objects reloaded before import = 0
Number of asset objects unloaded after import = 1
========================================================================
Received Import Request.
  Time since last request: 0.000036 seconds.
  path: Assets/Resources/AI Scripts/AI_AlanPrice2.cs
  artifactKey: Guid(80d93d6368a56704897ee7b70df38449) Importer(2089858483,0ecaa5967403d082aa24f35e1b516d23)
Start importing Assets/Resources/AI Scripts/AI_AlanPrice2.cs using Guid(80d93d6368a56704897ee7b70df38449) Importer(2089858483,0ecaa5967403d082aa24f35e1b516d23) [PhysX] Initialized MultithreadedTaskDispatcher with 16 workers.
 -> (artifact id: '9ec36c40c104b1860f8ff4631a81304b') in 0.006068 seconds
Number of updated asset objects reloaded before import = 0
Number of asset objects unloaded after import = 1
========================================================================
Received Import Request.
  Time since last request: 0.080729 seconds.
  path: Assets/Resources/Prefabs/Explosion_Fire.prefab
  artifactKey: Guid(8495b1cbc4f1b6946abdb0a545a3a87e) Importer(2089858483,0ecaa5967403d082aa24f35e1b516d23)
Start importing Assets/Resources/Prefabs/Explosion_Fire.prefab using Guid(8495b1cbc4f1b6946abdb0a545a3a87e) Importer(2089858483,0ecaa5967403d082aa24f35e1b516d23) [PhysX] Initialized MultithreadedTaskDispatcher with 16 workers.
 -> (artifact id: '7a32746727eb327d60c0ae50743825cd') in 0.057156 seconds
Number of updated asset objects reloaded before import = 0
Number of asset objects unloaded after import = 11
========================================================================
Received Import Request.
  Time since last request: 0.000014 seconds.
  path: Assets/Standard Assets/Particles/Legacy Particles/Sparks.prefab
  artifactKey: Guid(c994fde8e6848a3771503f184e0c9cb4) Importer(2089858483,0ecaa5967403d082aa24f35e1b516d23)
Start importing Assets/Standard Assets/Particles/Legacy Particles/Sparks.prefab using Guid(c994fde8e6848a3771503f184e0c9cb4) Importer(2089858483,0ecaa5967403d082aa24f35e1b516d23) [PhysX] Initialized MultithreadedTaskDispatcher with 16 workers.
 -> (artifact id: 'cd01d6fffbf3deccb5f584d0c4c3981c') in 0.011928 seconds
Number of updated asset objects reloaded before import = 0
Number of asset objects unloaded after import = 4
========================================================================
Received Import Request.
  Time since last request: 0.000014 seconds.
  path: Assets/Resources/Models/Button/Materials/Button_Blue_D.png
  artifactKey: Guid(8b4bd5a2674aa0941aa2e7328b31168d) Importer(2089858483,0ecaa5967403d082aa24f35e1b516d23)
Start importing Assets/Resources/Models/Button/Materials/Button_Blue_D.png using Guid(8b4bd5a2674aa0941aa2e7328b31168d) Importer(2089858483,0ecaa5967403d082aa24f35e1b516d23) [PhysX] Initialized MultithreadedTaskDispatcher with 16 workers.
 -> (artifact id: 'dc58cf3fea7eeaaf7f5819d46311f1f5') in 0.012608 seconds
Number of updated asset objects reloaded before import = 0
Number of asset objects unloaded after import = 1
========================================================================
Received Import Request.
  Time since last request: 0.000012 seconds.
  path: Assets/Resources/Models/Bomb/Materials/Bomb_Glow_Off.mat
  artifactKey: Guid(2bcc38eb0bc7dad4586697d8fdd8df88) Importer(2089858483,0ecaa5967403d082aa24f35e1b516d23)
Start importing Assets/Resources/Models/Bomb/Materials/Bomb_Glow_Off.mat using Guid(2bcc38eb0bc7dad4586697d8fdd8df88) Importer(2089858483,0ecaa5967403d082aa24f35e1b516d23) [PhysX] Initialized MultithreadedTaskDispatcher with 16 workers.
 -> (artifact id: 'b92199ac05023ed504962fe821a99b5c') in 0.014018 seconds
Number of updated asset objects reloaded before import = 0
Number of asset objects unloaded after import = 2
========================================================================
Received Import Request.
  Time since last request: 0.000014 seconds.
  path: Assets/Standard Assets/Lens Flares/Art Assets/clearsun.psd
  artifactKey: Guid(75353488488fb48c6b8c345857e5c9e4) Importer(2089858483,0ecaa5967403d082aa24f35e1b516d23)
Start importing Assets/Standard Assets/Lens Flares/Art Assets/clearsun.psd using Guid(75353488488fb48c6b8c345857e5c9e4) Importer(2089858483,0ecaa5967403d082aa24f35e1b516d23) [PhysX] Initialized MultithreadedTaskDispatcher with 16 workers.
 -> (artifact id: '5428a4e53bd1e5c3569eb098bceb9295') in 0.016915 seconds
Number of updated asset objects reloaded before import = 0
Number of asset objects unloaded after import = 1
========================================================================
Received Import Request.
  Time since last request: 0.000016 seconds.
  path: Assets/Resources/Models/Button/Materials/Button.fbx
  artifactKey: Guid(e959170e2cc26424f964578390f92a66) Importer(2089858483,0ecaa5967403d082aa24f35e1b516d23)
Start importing Assets/Resources/Models/Button/Materials/Button.fbx using Guid(e959170e2cc26424f964578390f92a66) Importer(2089858483,0ecaa5967403d082aa24f35e1b516d23) [PhysX] Initialized MultithreadedTaskDispatcher with 16 workers.
 -> (artifact id: '7b988b5addc9ab797588ed7f5c6f5a49') in 0.021153 seconds
Number of updated asset objects reloaded before import = 0
Number of asset objects unloaded after import = 22
========================================================================
Received Import Request.
  Time since last request: 0.000018 seconds.
  path: Assets/Resources/Materials/_Textures/GUI/VS.png
  artifactKey: Guid(fccafdb3a9e24ae4ea836e36106e12ab) Importer(2089858483,0ecaa5967403d082aa24f35e1b516d23)
Start importing Assets/Resources/Materials/_Textures/GUI/VS.png using Guid(fccafdb3a9e24ae4ea836e36106e12ab) Importer(2089858483,0ecaa5967403d082aa24f35e1b516d23) [PhysX] Initialized MultithreadedTaskDispatcher with 16 workers.
 -> (artifact id: 'bcd132aaeb5535c6deb02db3fcb04606') in 0.013281 seconds
Number of updated asset objects reloaded before import = 0
Number of asset objects unloaded after import = 1
========================================================================
Received Import Request.
  Time since last request: 0.000025 seconds.
  path: Assets/Resources/Materials/_Textures/GUI/Winner_Red.png
  artifactKey: Guid(fe713c56bbd276d4bb8219fb68744a37) Importer(2089858483,0ecaa5967403d082aa24f35e1b516d23)
Start importing Assets/Resources/Materials/_Textures/GUI/Winner_Red.png using Guid(fe713c56bbd276d4bb8219fb68744a37) Importer(2089858483,0ecaa5967403d082aa24f35e1b516d23) [PhysX] Initialized MultithreadedTaskDispatcher with 16 workers.
 -> (artifact id: '345b06f9aaa14c7012d5fb6ce1894d11') in 0.013123 seconds
Number of updated asset objects reloaded before import = 0
Number of asset objects unloaded after import = 1
========================================================================
Received Import Request.
  Time since last request: 0.000014 seconds.
  path: Assets/Standard Assets/Lens Flares/Art Assets/spacesun.psd
  artifactKey: Guid(3884bea772df648a9b33d922b7d4221c) Importer(2089858483,0ecaa5967403d082aa24f35e1b516d23)
Start importing Assets/Standard Assets/Lens Flares/Art Assets/spacesun.psd using Guid(3884bea772df648a9b33d922b7d4221c) Importer(2089858483,0ecaa5967403d082aa24f35e1b516d23) [PhysX] Initialized MultithreadedTaskDispatcher with 16 workers.
 -> (artifact id: 'a7883bb09d8b5b27823d6a08fbd08707') in 0.016356 seconds
Number of updated asset objects reloaded before import = 0
Number of asset objects unloaded after import = 1
========================================================================
Received Import Request.
  Time since last request: 0.000016 seconds.
  path: Assets/Prototyping/Prefabs/Compound Prefabs/Elevated Track - Multi Level.prefab
  artifactKey: Guid(c3e87e21fdace36458868d1975cfd61d) Importer(2089858483,0ecaa5967403d082aa24f35e1b516d23)
Start importing Assets/Prototyping/Prefabs/Compound Prefabs/Elevated Track - Multi Level.prefab using Guid(c3e87e21fdace36458868d1975cfd61d) Importer(2089858483,0ecaa5967403d082aa24f35e1b516d23) [PhysX] Initialized MultithreadedTaskDispatcher with 16 workers.
 -> (artifact id: 'd978add21f3ce59f4091e91e2d1d3ed8') in 0.021794 seconds
Number of updated asset objects reloaded before import = 0
Number of asset objects unloaded after import = 2487
========================================================================
Received Import Request.
  Time since last request: 0.000015 seconds.
  path: Assets/Standard Assets/Lens Flares/Art Assets/halogen.psd
  artifactKey: Guid(cd27f222b047841a7ab2f66da58b3a4b) Importer(2089858483,0ecaa5967403d082aa24f35e1b516d23)
Start importing Assets/Standard Assets/Lens Flares/Art Assets/halogen.psd using Guid(cd27f222b047841a7ab2f66da58b3a4b) Importer(2089858483,0ecaa5967403d082aa24f35e1b516d23) [PhysX] Initialized MultithreadedTaskDispatcher with 16 workers.
 -> (artifact id: 'e462118e4f937e0167f0e4e2766a89ba') in 0.012268 seconds
Number of updated asset objects reloaded before import = 0
Number of asset objects unloaded after import = 1
========================================================================
Received Import Request.
  Time since last request: 0.000013 seconds.
  path: Assets/Resources/Models/Button/Materials/Button_N.jpg
  artifactKey: Guid(c5a5b03d200ffdf46945bd72be7bfb9c) Importer(2089858483,0ecaa5967403d082aa24f35e1b516d23)
Start importing Assets/Resources/Models/Button/Materials/Button_N.jpg using Guid(c5a5b03d200ffdf46945bd72be7bfb9c) Importer(2089858483,0ecaa5967403d082aa24f35e1b516d23) [PhysX] Initialized MultithreadedTaskDispatcher with 16 workers.
 -> (artifact id: 'fcfa0510c52dc414ae6e67bfd95d1578') in 0.013158 seconds
Number of updated asset objects reloaded before import = 0
Number of asset objects unloaded after import = 1
========================================================================
Received Import Request.
  Time since last request: 0.000013 seconds.
  path: Assets/Standard Assets/Particles/Misc/Light Snow.prefab
  artifactKey: Guid(144b203f383094d16b1f336c74c47326) Importer(2089858483,0ecaa5967403d082aa24f35e1b516d23)
Start importing Assets/Standard Assets/Particles/Misc/Light Snow.prefab using Guid(144b203f383094d16b1f336c74c47326) Importer(2089858483,0ecaa5967403d082aa24f35e1b516d23) [PhysX] Initialized MultithreadedTaskDispatcher with 16 workers.
 -> (artifact id: 'a7178c829e8e236db1717ea433b5d478') in 0.011332 seconds
Number of updated asset objects reloaded before import = 0
Number of asset objects unloaded after import = 4
========================================================================
Received Import Request.
  Time since last request: 0.000017 seconds.
  path: Assets/Standard Assets/Particles/Smoke/Fluffy Smoke.prefab
  artifactKey: Guid(44b3febaf5142a5429938ef0a0de2395) Importer(2089858483,0ecaa5967403d082aa24f35e1b516d23)
Start importing Assets/Standard Assets/Particles/Smoke/Fluffy Smoke.prefab using Guid(44b3febaf5142a5429938ef0a0de2395) Importer(2089858483,0ecaa5967403d082aa24f35e1b516d23) [PhysX] Initialized MultithreadedTaskDispatcher with 16 workers.
 -> (artifact id: 'cb1556171e6c06a4373d81e12ddb9fbe') in 0.011222 seconds
Number of updated asset objects reloaded before import = 0
Number of asset objects unloaded after import = 4
========================================================================
Received Import Request.
  Time since last request: 0.000014 seconds.
  path: Assets/Standard Assets/Lens Flares/Sun (from space).flare
  artifactKey: Guid(8541d94808d5849d8bfa480259334205) Importer(2089858483,0ecaa5967403d082aa24f35e1b516d23)
Start importing Assets/Standard Assets/Lens Flares/Sun (from space).flare using Guid(8541d94808d5849d8bfa480259334205) Importer(2089858483,0ecaa5967403d082aa24f35e1b516d23) [PhysX] Initialized MultithreadedTaskDispatcher with 16 workers.
 -> (artifact id: 'a44309d4bb8b1fbe164fc6b129764154') in 0.013558 seconds
Number of updated asset objects reloaded before import = 0
Number of asset objects unloaded after import = 3
========================================================================
Received Import Request.
  Time since last request: 0.000016 seconds.
  path: Assets/Prototyping/Prefabs/Compound Prefabs/Goal Posts.prefab
  artifactKey: Guid(6df3f650b33fa604cb3f5923fa50d053) Importer(2089858483,0ecaa5967403d082aa24f35e1b516d23)
Start importing Assets/Prototyping/Prefabs/Compound Prefabs/Goal Posts.prefab using Guid(6df3f650b33fa604cb3f5923fa50d053) Importer(2089858483,0ecaa5967403d082aa24f35e1b516d23) [PhysX] Initialized MultithreadedTaskDispatcher with 16 workers.
 -> (artifact id: '6e8e9d610548c13860c2197bd80e1d46') in 0.012452 seconds
Number of updated asset objects reloaded before import = 0
Number of asset objects unloaded after import = 143
========================================================================
Received Import Request.
  Time since last request: 0.000013 seconds.
  path: Assets/Resources/Models/Bomb/Materials/Bomb_D.png
  artifactKey: Guid(ace39cadb917113469312df9bc742379) Importer(2089858483,0ecaa5967403d082aa24f35e1b516d23)
Start importing Assets/Resources/Models/Bomb/Materials/Bomb_D.png using Guid(ace39cadb917113469312df9bc742379) Importer(2089858483,0ecaa5967403d082aa24f35e1b516d23) [PhysX] Initialized MultithreadedTaskDispatcher with 16 workers.
 -> (artifact id: 'e0bdc77b0028999c2f9820111a2ce347') in 0.012576 seconds
Number of updated asset objects reloaded before import = 0
Number of asset objects unloaded after import = 1
========================================================================
Received Import Request.
  Time since last request: 0.000013 seconds.
  path: Assets/Resources/Materials/_Textures/GUI/BomberBelts.png
  artifactKey: Guid(de5658370ce8a614f984c69d82fd1e82) Importer(2089858483,0ecaa5967403d082aa24f35e1b516d23)
Start importing Assets/Resources/Materials/_Textures/GUI/BomberBelts.png using Guid(de5658370ce8a614f984c69d82fd1e82) Importer(2089858483,0ecaa5967403d082aa24f35e1b516d23) [PhysX] Initialized MultithreadedTaskDispatcher with 16 workers.
 -> (artifact id: 'ece5a6ba586ba3f993ec9e89ab6c392e') in 0.014425 seconds
Number of updated asset objects reloaded before import = 0
Number of asset objects unloaded after import = 1
========================================================================
Received Import Request.
  Time since last request: 0.000015 seconds.
  path: Assets/Resources/Models/Button/Materials/Button_Blue_Glow.mat
  artifactKey: Guid(219fc5ce72187064e8310f87a21fcc0b) Importer(2089858483,0ecaa5967403d082aa24f35e1b516d23)
Start importing Assets/Resources/Models/Button/Materials/Button_Blue_Glow.mat using Guid(219fc5ce72187064e8310f87a21fcc0b) Importer(2089858483,0ecaa5967403d082aa24f35e1b516d23) [PhysX] Initialized MultithreadedTaskDispatcher with 16 workers.
 -> (artifact id: 'ce3468ec9b264150a9cef2ae27b96c05') in 0.008174 seconds
Number of updated asset objects reloaded before import = 0
Number of asset objects unloaded after import = 2
========================================================================
Received Import Request.
  Time since last request: 0.000013 seconds.
  path: Assets/Resources/Materials/_Textures/World/Glass.png
  artifactKey: Guid(2750568a05c63d4469332e4e39238cd4) Importer(2089858483,0ecaa5967403d082aa24f35e1b516d23)
Start importing Assets/Resources/Materials/_Textures/World/Glass.png using Guid(2750568a05c63d4469332e4e39238cd4) Importer(2089858483,0ecaa5967403d082aa24f35e1b516d23) [PhysX] Initialized MultithreadedTaskDispatcher with 16 workers.
 -> (artifact id: '22c4efd65992608d2b37d6dfdce26288') in 0.013011 seconds
Number of updated asset objects reloaded before import = 0
Number of asset objects unloaded after import = 1
========================================================================
Received Import Request.
  Time since last request: 0.000014 seconds.
  path: Assets/Standard Assets/Lens Flares/Subtle3.flare
  artifactKey: Guid(29448ba5a39814955bf076b95bffcada) Importer(2089858483,0ecaa5967403d082aa24f35e1b516d23)
Start importing Assets/Standard Assets/Lens Flares/Subtle3.flare using Guid(29448ba5a39814955bf076b95bffcada) Importer(2089858483,0ecaa5967403d082aa24f35e1b516d23) [PhysX] Initialized MultithreadedTaskDispatcher with 16 workers.
 -> (artifact id: '622646b1fae310c6bf0682861f6e2a8b') in 0.013319 seconds
Number of updated asset objects reloaded before import = 0
Number of asset objects unloaded after import = 3
========================================================================
Received Import Request.
  Time since last request: 0.000014 seconds.
  path: Assets/Standard Assets/Particles/Water/Water Surface Splash.prefab
  artifactKey: Guid(8600316ae23e146108aa156f81a2d56f) Importer(2089858483,0ecaa5967403d082aa24f35e1b516d23)
Start importing Assets/Standard Assets/Particles/Water/Water Surface Splash.prefab using Guid(8600316ae23e146108aa156f81a2d56f) Importer(2089858483,0ecaa5967403d082aa24f35e1b516d23) [PhysX] Initialized MultithreadedTaskDispatcher with 16 workers.
 -> (artifact id: 'cca0e171ecc5274bcf53eaec80ba21da') in 0.013289 seconds
Number of updated asset objects reloaded before import = 0
Number of asset objects unloaded after import = 4
========================================================================
Received Import Request.
  Time since last request: 0.000019 seconds.
  path: Assets/Resources/Materials/_Textures/Belt/Arrows_Red.jpg
  artifactKey: Guid(6e6c31cee2966b941bae6b9ebfdf52e2) Importer(2089858483,0ecaa5967403d082aa24f35e1b516d23)
Start importing Assets/Resources/Materials/_Textures/Belt/Arrows_Red.jpg using Guid(6e6c31cee2966b941bae6b9ebfdf52e2) Importer(2089858483,0ecaa5967403d082aa24f35e1b516d23) [PhysX] Initialized MultithreadedTaskDispatcher with 16 workers.
 -> (artifact id: '153821e86bc6bf070fb9f961c7c35cbb') in 0.016236 seconds
Number of updated asset objects reloaded before import = 0
Number of asset objects unloaded after import = 1
========================================================================
Received Import Request.
  Time since last request: 0.000022 seconds.
  path: Assets/Standard Assets/Particles/Fire/Fire1.prefab
  artifactKey: Guid(542f86e4e34b523499e0f073b1355e1a) Importer(2089858483,0ecaa5967403d082aa24f35e1b516d23)
Start importing Assets/Standard Assets/Particles/Fire/Fire1.prefab using Guid(542f86e4e34b523499e0f073b1355e1a) Importer(2089858483,0ecaa5967403d082aa24f35e1b516d23) [PhysX] Initialized MultithreadedTaskDispatcher with 16 workers.
 -> (artifact id: '422bdf81037990d81cd0793490438b8f') in 0.011670 seconds
Number of updated asset objects reloaded before import = 0
Number of asset objects unloaded after import = 10
========================================================================
Received Import Request.
  Time since last request: 0.118832 seconds.
  path: Assets/Resources/Models/Button/Materials/Button_Red_D.mat
  artifactKey: Guid(460d98e074744f6468429a1201a8a7bf) Importer(2089858483,0ecaa5967403d082aa24f35e1b516d23)
Start importing Assets/Resources/Models/Button/Materials/Button_Red_D.mat using Guid(460d98e074744f6468429a1201a8a7bf) Importer(2089858483,0ecaa5967403d082aa24f35e1b516d23) [PhysX] Initialized MultithreadedTaskDispatcher with 16 workers.
 -> (artifact id: '18ba9d25b48e4857f9ade829121f1275') in 0.019300 seconds
Number of updated asset objects reloaded before import = 0
Number of asset objects unloaded after import = 3
========================================================================
Received Import Request.
  Time since last request: 0.000046 seconds.
  path: Assets/Standard Assets/Particles/Sources/Textures/smoke2.tif
  artifactKey: Guid(1a5d8cd24a805cd44b00c7f1e1e4d287) Importer(2089858483,0ecaa5967403d082aa24f35e1b516d23)
Start importing Assets/Standard Assets/Particles/Sources/Textures/smoke2.tif using Guid(1a5d8cd24a805cd44b00c7f1e1e4d287) Importer(2089858483,0ecaa5967403d082aa24f35e1b516d23) [PhysX] Initialized MultithreadedTaskDispatcher with 16 workers.
 -> (artifact id: '05dfccb38f306612a194206db80b189d') in 0.019550 seconds
Number of updated asset objects reloaded before import = 0
Number of asset objects unloaded after import = 1
========================================================================
Received Import Request.
  Time since last request: 0.000017 seconds.
  path: Assets/Standard Assets/Particles/Sources/Animations/Light explosion.anim
  artifactKey: Guid(9c7f793f82a4f7bda3662a9a2f23142e) Importer(2089858483,0ecaa5967403d082aa24f35e1b516d23)
Start importing Assets/Standard Assets/Particles/Sources/Animations/Light explosion.anim using Guid(9c7f793f82a4f7bda3662a9a2f23142e) Importer(2089858483,0ecaa5967403d082aa24f35e1b516d23) [PhysX] Initialized MultithreadedTaskDispatcher with 16 workers.
 -> (artifact id: 'f9258b0e75385354d78df7fab55ac43f') in 0.010893 seconds
Number of updated asset objects reloaded before import = 0
Number of asset objects unloaded after import = 2
========================================================================
Received Import Request.
  Time since last request: 0.000016 seconds.
  path: Assets/Standard Assets/Particles/Sources/Materials/Smoke1.mat
  artifactKey: Guid(f89a53f13e64bbbd73bd6eb9f8509a09) Importer(2089858483,0ecaa5967403d082aa24f35e1b516d23)
Start importing Assets/Standard Assets/Particles/Sources/Materials/Smoke1.mat using Guid(f89a53f13e64bbbd73bd6eb9f8509a09) Importer(2089858483,0ecaa5967403d082aa24f35e1b516d23) [PhysX] Initialized MultithreadedTaskDispatcher with 16 workers.
 -> (artifact id: 'f678bfaf0fb7489b1246c9124907e557') in 0.019272 seconds
Number of updated asset objects reloaded before import = 0
Number of asset objects unloaded after import = 3
========================================================================
Received Import Request.
  Time since last request: 0.000014 seconds.
  path: Assets/Standard Assets/Particles/Sources/Textures/Fireball.psd
  artifactKey: Guid(028c11450244e4feabe6828fc2ec3e03) Importer(2089858483,0ecaa5967403d082aa24f35e1b516d23)
Start importing Assets/Standard Assets/Particles/Sources/Textures/Fireball.psd using Guid(028c11450244e4feabe6828fc2ec3e03) Importer(2089858483,0ecaa5967403d082aa24f35e1b516d23) [PhysX] Initialized MultithreadedTaskDispatcher with 16 workers.
 -> (artifact id: '9f9b2b5d4301cf65dd456dadbf89d3ff') in 0.011761 seconds
Number of updated asset objects reloaded before import = 0
Number of asset objects unloaded after import = 1
========================================================================
Received Import Request.
  Time since last request: 0.000021 seconds.
  path: Assets/Standard Assets/Particles/Sources/Materials/FlameE.mat
  artifactKey: Guid(073946e94d57ac04fb345d5c28d21992) Importer(2089858483,0ecaa5967403d082aa24f35e1b516d23)
Start importing Assets/Standard Assets/Particles/Sources/Materials/FlameE.mat using Guid(073946e94d57ac04fb345d5c28d21992) Importer(2089858483,0ecaa5967403d082aa24f35e1b516d23) [PhysX] Initialized MultithreadedTaskDispatcher with 16 workers.
 -> (artifact id: 'ab38a77df5606dfc227e6ffac65fa691') in 0.017333 seconds
Number of updated asset objects reloaded before import = 0
Number of asset objects unloaded after import = 3
========================================================================
Received Import Request.
  Time since last request: 0.000020 seconds.
  path: Assets/Resources/Materials/_Textures/Skybox/Red Nebula/space_red_nebula_left2.png
  artifactKey: Guid(b6875dd4912955149ab7cd1a12b104a8) Importer(2089858483,0ecaa5967403d082aa24f35e1b516d23)
Start importing Assets/Resources/Materials/_Textures/Skybox/Red Nebula/space_red_nebula_left2.png using Guid(b6875dd4912955149ab7cd1a12b104a8) Importer(2089858483,0ecaa5967403d082aa24f35e1b516d23) [PhysX] Initialized MultithreadedTaskDispatcher with 16 workers.
 -> (artifact id: 'f727cab8837ab74dc0cd7ca7b54a1d63') in 0.015841 seconds
Number of updated asset objects reloaded before import = 0
Number of asset objects unloaded after import = 1
========================================================================
Received Import Request.
  Time since last request: 0.000033 seconds.
  path: Assets/Resources/Materials/_Textures/Skybox/Red Nebula/space_red_nebula_front5.png
  artifactKey: Guid(001c056e1eb238a4e8bf14c75ebac3fa) Importer(2089858483,0ecaa5967403d082aa24f35e1b516d23)
Start importing Assets/Resources/Materials/_Textures/Skybox/Red Nebula/space_red_nebula_front5.png using Guid(001c056e1eb238a4e8bf14c75ebac3fa) Importer(2089858483,0ecaa5967403d082aa24f35e1b516d23) [PhysX] Initialized MultithreadedTaskDispatcher with 16 workers.
 -> (artifact id: '7d20403410ee2bda133a84124efa9d4a') in 0.015747 seconds
Number of updated asset objects reloaded before import = 0
Number of asset objects unloaded after import = 1
========================================================================
Received Import Request.
  Time since last request: 0.000017 seconds.
  path: Assets/Standard Assets/Particles/Sources/Textures/DustPoof.psd
  artifactKey: Guid(65fb74f285bbb4d11a3b64d99c0a53b0) Importer(2089858483,0ecaa5967403d082aa24f35e1b516d23)
Start importing Assets/Standard Assets/Particles/Sources/Textures/DustPoof.psd using Guid(65fb74f285bbb4d11a3b64d99c0a53b0) Importer(2089858483,0ecaa5967403d082aa24f35e1b516d23) [PhysX] Initialized MultithreadedTaskDispatcher with 16 workers.
 -> (artifact id: 'c67d633f78825c6f7cb4e0c280aaf019') in 0.015371 seconds
Number of updated asset objects reloaded before import = 0
Number of asset objects unloaded after import = 1
========================================================================
Received Import Request.
  Time since last request: 0.000025 seconds.
  path: Assets/Standard Assets/Particles/Sources/Materials/Water Splash1.mat
  artifactKey: Guid(f3d66f34459704a34b36657da3964ea1) Importer(2089858483,0ecaa5967403d082aa24f35e1b516d23)
Start importing Assets/Standard Assets/Particles/Sources/Materials/Water Splash1.mat using Guid(f3d66f34459704a34b36657da3964ea1) Importer(2089858483,0ecaa5967403d082aa24f35e1b516d23) [PhysX] Initialized MultithreadedTaskDispatcher with 16 workers.
 -> (artifact id: '3b14fd6520750d635d24919d050ac775') in 0.019992 seconds
Number of updated asset objects reloaded before import = 0
Number of asset objects unloaded after import = 3
========================================================================
Received Import Request.
  Time since last request: 0.000013 seconds.
  path: Assets/Standard Assets/Particles/Sources/Textures/smoke.tif
  artifactKey: Guid(08f28e42a647e2a4cbd32e793359aa3c) Importer(2089858483,0ecaa5967403d082aa24f35e1b516d23)
Start importing Assets/Standard Assets/Particles/Sources/Textures/smoke.tif using Guid(08f28e42a647e2a4cbd32e793359aa3c) Importer(2089858483,0ecaa5967403d082aa24f35e1b516d23) [PhysX] Initialized MultithreadedTaskDispatcher with 16 workers.
 -> (artifact id: '985d2618c0b3e17fb3433b59ed05979f') in 0.018670 seconds
Number of updated asset objects reloaded before import = 0
Number of asset objects unloaded after import = 1
========================================================================
Received Import Request.
  Time since last request: 0.000017 seconds.
  path: Assets/Standard Assets/Particles/Sources/Textures/smokepuff1.psd
  artifactKey: Guid(6e77d387966489d6cb6bb6ba39e09c45) Importer(2089858483,0ecaa5967403d082aa24f35e1b516d23)
Start importing Assets/Standard Assets/Particles/Sources/Textures/smokepuff1.psd using Guid(6e77d387966489d6cb6bb6ba39e09c45) Importer(2089858483,0ecaa5967403d082aa24f35e1b516d23) [PhysX] Initialized MultithreadedTaskDispatcher with 16 workers.
 -> (artifact id: 'bd6ba8793706977a78220693c4d16cf6') in 0.014134 seconds
Number of updated asset objects reloaded before import = 0
Number of asset objects unloaded after import = 1
========================================================================
Received Import Request.
  Time since last request: 0.000035 seconds.
  path: Assets/Standard Assets/Particles/Sources/Materials/FlameB.mat
  artifactKey: Guid(2b21364bb71d4eb4dbce6894c82cd119) Importer(2089858483,0ecaa5967403d082aa24f35e1b516d23)
Start importing Assets/Standard Assets/Particles/Sources/Materials/FlameB.mat using Guid(2b21364bb71d4eb4dbce6894c82cd119) Importer(2089858483,0ecaa5967403d082aa24f35e1b516d23) [PhysX] Initialized MultithreadedTaskDispatcher with 16 workers.
 -> (artifact id: 'aa5b097852f1c261b980c587ccf12ee7') in 0.016092 seconds
Number of updated asset objects reloaded before import = 0
Number of asset objects unloaded after import = 3
========================================================================
Received Import Request.
  Time since last request: 0.000016 seconds.
  path: Assets/Standard Assets/Particles/Sources/Textures/Star02.png
  artifactKey: Guid(6793afeb1ba524134ae93ee3038763e0) Importer(2089858483,0ecaa5967403d082aa24f35e1b516d23)
Start importing Assets/Standard Assets/Particles/Sources/Textures/Star02.png using Guid(6793afeb1ba524134ae93ee3038763e0) Importer(2089858483,0ecaa5967403d082aa24f35e1b516d23) [PhysX] Initialized MultithreadedTaskDispatcher with 16 workers.
 -> (artifact id: '3776f593f80b12b68def71339609c407') in 0.011505 seconds
Number of updated asset objects reloaded before import = 0
Number of asset objects unloaded after import = 1
========================================================================
Received Import Request.
  Time since last request: 0.000014 seconds.
  path: Assets/Standard Assets/Particles/Sources/Materials/SoapBubble.mat
  artifactKey: Guid(7e3669cf306c78f48a1f9affe08eb0f9) Importer(2089858483,0ecaa5967403d082aa24f35e1b516d23)
Start importing Assets/Standard Assets/Particles/Sources/Materials/SoapBubble.mat using Guid(7e3669cf306c78f48a1f9affe08eb0f9) Importer(2089858483,0ecaa5967403d082aa24f35e1b516d23) [PhysX] Initialized MultithreadedTaskDispatcher with 16 workers.
 -> (artifact id: '2f9233c8510c2ccedc422e4ea5846294') in 0.021578 seconds
Number of updated asset objects reloaded before import = 0
Number of asset objects unloaded after import = 3
========================================================================
Received Import Request.
  Time since last request: 0.000018 seconds.
  path: Assets/Standard Assets/Particles/Sources/Textures/foam.tga
  artifactKey: Guid(086544326e5604e81a96f61fb0f0a78e) Importer(2089858483,0ecaa5967403d082aa24f35e1b516d23)
Start importing Assets/Standard Assets/Particles/Sources/Textures/foam.tga using Guid(086544326e5604e81a96f61fb0f0a78e) Importer(2089858483,0ecaa5967403d082aa24f35e1b516d23) [PhysX] Initialized MultithreadedTaskDispatcher with 16 workers.
 -> (artifact id: 'bb735dccae8c96ff3da372a1d5338fae') in 0.015410 seconds
Number of updated asset objects reloaded before import = 0
Number of asset objects unloaded after import = 1
========================================================================
Received Import Request.
  Time since last request: 0.000024 seconds.
  path: Assets/Standard Assets/Particles/Sources/Textures/soapbubble.tif
  artifactKey: Guid(60fb16895cbaf4946906b6d63f3653ec) Importer(2089858483,0ecaa5967403d082aa24f35e1b516d23)
Start importing Assets/Standard Assets/Particles/Sources/Textures/soapbubble.tif using Guid(60fb16895cbaf4946906b6d63f3653ec) Importer(2089858483,0ecaa5967403d082aa24f35e1b516d23) [PhysX] Initialized MultithreadedTaskDispatcher with 16 workers.
 -> (artifact id: '143655003c4b230a626a493300bca928') in 0.015306 seconds
Number of updated asset objects reloaded before import = 0
Number of asset objects unloaded after import = 1
========================================================================
Received Import Request.
  Time since last request: 0.000019 seconds.
  path: Assets/Resources/Materials/_Textures/Skybox/Red Nebula/space_red_nebula_top3.png
  artifactKey: Guid(5713f9f1fa740b84c8b5498e2302a5ab) Importer(2089858483,0ecaa5967403d082aa24f35e1b516d23)
Start importing Assets/Resources/Materials/_Textures/Skybox/Red Nebula/space_red_nebula_top3.png using Guid(5713f9f1fa740b84c8b5498e2302a5ab) Importer(2089858483,0ecaa5967403d082aa24f35e1b516d23) [PhysX] Initialized MultithreadedTaskDispatcher with 16 workers.
 -> (artifact id: 'cdef083c00a1812057b5e7123f921ac0') in 0.017175 seconds
Number of updated asset objects reloaded before import = 0
Number of asset objects unloaded after import = 1
Editor requested this worker to shutdown with reason: Scaling down because of idle timeout
TcpMessagingSession - receive error: operation aborted. errorcode: 995, details: The I/O operation has been aborted because of either a thread exit or an application request.
AssetImportWorker is now disconnected from the server
Process exiting
Exiting without the bug reporter. Application will terminate with return code 0